2024-12-10 10:32:46.360 +05:30 [INF] User profile is available. Using 'C:\Users\praveen.janarthanam\AppData\Local\ASP.NET\DataProtection-Keys' as key repository and Windows DPAPI to encrypt keys at rest.
2024-12-10 10:32:46.513 +05:30 [INF] Now listening on: http://localhost:5019
2024-12-10 10:32:46.516 +05:30 [INF] Application started. Press Ctrl+C to shut down.
2024-12-10 10:32:46.516 +05:30 [INF] Hosting environment: Development
2024-12-10 10:32:46.516 +05:30 [INF] Content root path: C:\Users\praveen.janarthanam\Desktop\MVC\LoginApp
2024-12-10 10:32:48.722 +05:30 [INF] Request starting HTTP/1.1 GET http://localhost:5019/ - null null
2024-12-10 10:32:48.779 +05:30 [WRN] Failed to determine the https port for redirect.
2024-12-10 10:32:48.867 +05:30 [INF] Executing endpoint 'LoginApp.Controllers.AttachmentsController.Attachment (LoginApp)'
2024-12-10 10:32:48.971 +05:30 [INF] Route matched with {action = "Attachment", controller = "Attachments"}. Executing controller action with signature Microsoft.AspNetCore.Mvc.IActionResult Attachment() on controller LoginApp.Controllers.AttachmentsController (LoginApp).
2024-12-10 10:32:49.641 +05:30 [INF] Executing ViewResult, running view ~/Views/Home/Attachment.cshtml.
2024-12-10 10:32:49.987 +05:30 [INF] Executed ViewResult - view ~/Views/Home/Attachment.cshtml executed in 355.2381ms.
2024-12-10 10:32:49.997 +05:30 [INF] Executed action LoginApp.Controllers.AttachmentsController.Attachment (LoginApp) in 1024.7729ms
2024-12-10 10:32:49.997 +05:30 [INF] Executed endpoint 'LoginApp.Controllers.AttachmentsController.Attachment (LoginApp)'
2024-12-10 10:32:50.010 +05:30 [INF] Request finished HTTP/1.1 GET http://localhost:5019/ - 200 null text/html; charset=utf-8 1292.9391ms
2024-12-10 10:32:50.082 +05:30 [INF] Request starting HTTP/1.1 GET http://localhost:5019/_framework/aspnetcore-browser-refresh.js - null null
2024-12-10 10:32:50.087 +05:30 [INF] Request finished HTTP/1.1 GET http://localhost:5019/_framework/aspnetcore-browser-refresh.js - 200 13732 application/javascript; charset=utf-8 5.0485ms
2024-12-10 10:33:03.070 +05:30 [INF] Request starting HTTP/1.1 POST http://localhost:5019/Attachments/UploadImage - multipart/form-data; boundary=----WebKitFormBoundaryiCqhLfdwj66Mj5Ak 9392
2024-12-10 10:33:03.074 +05:30 [INF] Executing endpoint 'LoginApp.Controllers.AttachmentsController.UploadImage (LoginApp)'
2024-12-10 10:33:03.089 +05:30 [INF] Route matched with {action = "UploadImage", controller = "Attachments"}. Executing controller action with signature System.Threading.Tasks.Task`1[Microsoft.AspNetCore.Mvc.IActionResult] UploadImage(LoginApp.ViewModels.AttachmentViewModel) on controller LoginApp.Controllers.AttachmentsController (LoginApp).
2024-12-10 10:33:03.181 +05:30 [INF] Request starting HTTP/1.1 GET http://localhost:5019/ - null null
2024-12-10 10:33:03.183 +05:30 [INF] Executing endpoint 'LoginApp.Controllers.AttachmentsController.Attachment (LoginApp)'
2024-12-10 10:33:03.184 +05:30 [INF] Route matched with {action = "Attachment", controller = "Attachments"}. Executing controller action with signature Microsoft.AspNetCore.Mvc.IActionResult Attachment() on controller LoginApp.Controllers.AttachmentsController (LoginApp).
2024-12-10 10:33:03.189 +05:30 [INF] Executing ViewResult, running view ~/Views/Home/Attachment.cshtml.
2024-12-10 10:33:03.199 +05:30 [INF] Executed ViewResult - view ~/Views/Home/Attachment.cshtml executed in 10.231ms.
2024-12-10 10:33:03.199 +05:30 [INF] Executed action LoginApp.Controllers.AttachmentsController.Attachment (LoginApp) in 15.116ms
2024-12-10 10:33:03.199 +05:30 [INF] Executed endpoint 'LoginApp.Controllers.AttachmentsController.Attachment (LoginApp)'
2024-12-10 10:33:03.200 +05:30 [INF] Request finished HTTP/1.1 GET http://localhost:5019/ - 200 null text/html; charset=utf-8 18.1293ms
2024-12-10 10:33:03.241 +05:30 [INF] Request starting HTTP/1.1 GET http://localhost:5019/_framework/aspnetcore-browser-refresh.js - null null
2024-12-10 10:33:03.241 +05:30 [INF] Request finished HTTP/1.1 GET http://localhost:5019/_framework/aspnetcore-browser-refresh.js - 200 13732 application/javascript; charset=utf-8 0.7658ms
2024-12-10 10:33:04.336 +05:30 [INF] Executed DbCommand (55ms) [Parameters=[@p0='?' (Size = 4000)], CommandType='"Text"', CommandTimeout='30']
SET IMPLICIT_TRANSACTIONS OFF;
SET NOCOUNT ON;
INSERT INTO [Attachments] ([ImagePath])
OUTPUT INSERTED.[Id]
VALUES (@p0);
2024-12-10 10:33:04.383 +05:30 [INF] Executing ViewResult, running view ~/Views/Home/Attachment.cshtml.
2024-12-10 10:33:04.388 +05:30 [INF] Executed ViewResult - view ~/Views/Home/Attachment.cshtml executed in 5.5417ms.
2024-12-10 10:33:04.389 +05:30 [INF] Executed action LoginApp.Controllers.AttachmentsController.UploadImage (LoginApp) in 1299.7435ms
2024-12-10 10:33:04.390 +05:30 [INF] Executed endpoint 'LoginApp.Controllers.AttachmentsController.UploadImage (LoginApp)'
2024-12-10 10:33:04.396 +05:30 [INF] Request finished HTTP/1.1 POST http://localhost:5019/Attachments/UploadImage - 200 null text/html; charset=utf-8 1326.0159ms
2024-12-10 10:33:09.570 +05:30 [INF] Request starting HTTP/1.1 GET http://localhost:5019/register/register - null null
2024-12-10 10:33:09.572 +05:30 [INF] Executing endpoint 'RegisterController.Register (LoginApp)'
2024-12-10 10:33:09.573 +05:30 [INF] Route matched with {action = "Register", controller = "Register"}. Executing controller action with signature Microsoft.AspNetCore.Mvc.IActionResult Register() on controller RegisterController (LoginApp).
2024-12-10 10:33:09.576 +05:30 [INF] Executing ViewResult, running view /Views/Home/Register.cshtml.
2024-12-10 10:33:09.676 +05:30 [INF] Executed ViewResult - view /Views/Home/Register.cshtml executed in 100.9823ms.
2024-12-10 10:33:09.676 +05:30 [INF] Executed action RegisterController.Register (LoginApp) in 102.1626ms
2024-12-10 10:33:09.676 +05:30 [INF] Executed endpoint 'RegisterController.Register (LoginApp)'
2024-12-10 10:33:09.676 +05:30 [INF] Request finished HTTP/1.1 GET http://localhost:5019/register/register - 200 null text/html; charset=utf-8 105.9677ms
2024-12-10 10:33:09.710 +05:30 [INF] Request starting HTTP/1.1 GET http://localhost:5019/_framework/aspnetcore-browser-refresh.js - null null
2024-12-10 10:33:09.711 +05:30 [INF] Request finished HTTP/1.1 GET http://localhost:5019/_framework/aspnetcore-browser-refresh.js - 200 13732 application/javascript; charset=utf-8 0.3095ms
2024-12-10 10:36:02.450 +05:30 [INF] Request starting HTTP/1.1 GET http://localhost:5019/register/register - null null
2024-12-10 10:36:02.450 +05:30 [INF] Executing endpoint 'RegisterController.Register (LoginApp)'
2024-12-10 10:36:02.452 +05:30 [INF] Route matched with {action = "Register", controller = "Register"}. Executing controller action with signature Microsoft.AspNetCore.Mvc.IActionResult Register() on controller RegisterController (LoginApp).
2024-12-10 10:36:02.454 +05:30 [INF] Executing ViewResult, running view /Views/Home/Register.cshtml.
2024-12-10 10:36:02.467 +05:30 [INF] Executed ViewResult - view /Views/Home/Register.cshtml executed in 14.2162ms.
2024-12-10 10:36:02.468 +05:30 [INF] Executed action RegisterController.Register (LoginApp) in 15.8698ms
2024-12-10 10:36:02.468 +05:30 [INF] Executed endpoint 'RegisterController.Register (LoginApp)'
2024-12-10 10:36:02.468 +05:30 [INF] Request finished HTTP/1.1 GET http://localhost:5019/register/register - 200 null text/html; charset=utf-8 18.5718ms
2024-12-10 10:36:02.508 +05:30 [INF] Request starting HTTP/1.1 GET http://localhost:5019/_framework/aspnetcore-browser-refresh.js - null null
2024-12-10 10:36:02.508 +05:30 [INF] Request finished HTTP/1.1 GET http://localhost:5019/_framework/aspnetcore-browser-refresh.js - 200 13732 application/javascript; charset=utf-8 0.4046ms
2024-12-10 10:36:21.970 +05:30 [INF] Request starting HTTP/1.1 GET http://localhost:5019/register/register - null null
2024-12-10 10:36:21.971 +05:30 [INF] Executing endpoint 'RegisterController.Register (LoginApp)'
2024-12-10 10:36:21.972 +05:30 [INF] Route matched with {action = "Register", controller = "Register"}. Executing controller action with signature Microsoft.AspNetCore.Mvc.IActionResult Register() on controller RegisterController (LoginApp).
2024-12-10 10:36:21.976 +05:30 [INF] Executing ViewResult, running view /Views/Home/Register.cshtml.
2024-12-10 10:36:21.984 +05:30 [INF] Executed ViewResult - view /Views/Home/Register.cshtml executed in 8.8123ms.
2024-12-10 10:36:21.984 +05:30 [INF] Executed action RegisterController.Register (LoginApp) in 11.2112ms
2024-12-10 10:36:21.984 +05:30 [INF] Executed endpoint 'RegisterController.Register (LoginApp)'
2024-12-10 10:36:21.984 +05:30 [INF] Request finished HTTP/1.1 GET http://localhost:5019/register/register - 200 null text/html; charset=utf-8 13.7731ms
2024-12-10 10:36:22.025 +05:30 [INF] Request starting HTTP/1.1 GET http://localhost:5019/_framework/aspnetcore-browser-refresh.js - null null
2024-12-10 10:36:22.025 +05:30 [INF] Request finished HTTP/1.1 GET http://localhost:5019/_framework/aspnetcore-browser-refresh.js - 200 13732 application/javascript; charset=utf-8 0.3845ms
2024-12-10 10:36:30.066 +05:30 [INF] Request starting HTTP/1.1 GET http://localhost:5019/register/register - null null
2024-12-10 10:36:30.067 +05:30 [INF] Executing endpoint 'RegisterController.Register (LoginApp)'
2024-12-10 10:36:30.069 +05:30 [INF] Route matched with {action = "Register", controller = "Register"}. Executing controller action with signature Microsoft.AspNetCore.Mvc.IActionResult Register() on controller RegisterController (LoginApp).
2024-12-10 10:36:30.070 +05:30 [INF] Executing ViewResult, running view /Views/Home/Register.cshtml.
2024-12-10 10:36:30.079 +05:30 [INF] Executed ViewResult - view /Views/Home/Register.cshtml executed in 9.7057ms.
2024-12-10 10:36:30.079 +05:30 [INF] Executed action RegisterController.Register (LoginApp) in 10.2842ms
2024-12-10 10:36:30.080 +05:30 [INF] Executed endpoint 'RegisterController.Register (LoginApp)'
2024-12-10 10:36:30.080 +05:30 [INF] Request finished HTTP/1.1 GET http://localhost:5019/register/register - 200 null text/html; charset=utf-8 13.7995ms
2024-12-10 10:36:30.128 +05:30 [INF] Request starting HTTP/1.1 GET http://localhost:5019/_framework/aspnetcore-browser-refresh.js - null null
2024-12-10 10:36:30.128 +05:30 [INF] Request finished HTTP/1.1 GET http://localhost:5019/_framework/aspnetcore-browser-refresh.js - 200 13732 application/javascript; charset=utf-8 0.2298ms
2024-12-10 10:36:58.778 +05:30 [INF] Request starting HTTP/1.1 GET http://localhost:5019/register/register - null null
2024-12-10 10:36:58.778 +05:30 [INF] Executing endpoint 'RegisterController.Register (LoginApp)'
2024-12-10 10:36:58.779 +05:30 [INF] Route matched with {action = "Register", controller = "Register"}. Executing controller action with signature Microsoft.AspNetCore.Mvc.IActionResult Register() on controller RegisterController (LoginApp).
2024-12-10 10:36:58.780 +05:30 [INF] Executing ViewResult, running view /Views/Home/Register.cshtml.
2024-12-10 10:36:58.811 +05:30 [INF] Executed ViewResult - view /Views/Home/Register.cshtml executed in 31.4194ms.
2024-12-10 10:36:58.811 +05:30 [INF] Executed action RegisterController.Register (LoginApp) in 31.7642ms
2024-12-10 10:36:58.811 +05:30 [INF] Executed endpoint 'RegisterController.Register (LoginApp)'
2024-12-10 10:36:58.811 +05:30 [INF] Request finished HTTP/1.1 GET http://localhost:5019/register/register - 200 null text/html; charset=utf-8 33.6971ms
2024-12-10 10:36:58.839 +05:30 [INF] Request starting HTTP/1.1 GET http://localhost:5019/_framework/aspnetcore-browser-refresh.js - null null
2024-12-10 10:36:58.840 +05:30 [INF] Request finished HTTP/1.1 GET http://localhost:5019/_framework/aspnetcore-browser-refresh.js - 200 13732 application/javascript; charset=utf-8 0.1834ms
2024-12-10 10:37:07.204 +05:30 [INF] Request starting HTTP/1.1 GET http://localhost:5019/register/register - null null
2024-12-10 10:37:07.207 +05:30 [INF] Executing endpoint 'RegisterController.Register (LoginApp)'
2024-12-10 10:37:07.207 +05:30 [INF] Route matched with {action = "Register", controller = "Register"}. Executing controller action with signature Microsoft.AspNetCore.Mvc.IActionResult Register() on controller RegisterController (LoginApp).
2024-12-10 10:37:07.207 +05:30 [INF] Executing ViewResult, running view /Views/Home/Register.cshtml.
2024-12-10 10:37:07.209 +05:30 [INF] Executed ViewResult - view /Views/Home/Register.cshtml executed in 1.6342ms.
2024-12-10 10:37:07.209 +05:30 [INF] Executed action RegisterController.Register (LoginApp) in 2.1352ms
2024-12-10 10:37:07.209 +05:30 [INF] Executed endpoint 'RegisterController.Register (LoginApp)'
2024-12-10 10:37:07.209 +05:30 [INF] Request finished HTTP/1.1 GET http://localhost:5019/register/register - 200 null text/html; charset=utf-8 5.1466ms
2024-12-10 10:37:07.244 +05:30 [INF] Request starting HTTP/1.1 GET http://localhost:5019/_framework/aspnetcore-browser-refresh.js - null null
2024-12-10 10:37:07.244 +05:30 [INF] Request finished HTTP/1.1 GET http://localhost:5019/_framework/aspnetcore-browser-refresh.js - 200 13732 application/javascript; charset=utf-8 0.1667ms
2024-12-10 10:37:15.267 +05:30 [INF] Request starting HTTP/1.1 POST http://localhost:5019/Register/Register - application/x-www-form-urlencoded 211
2024-12-10 10:37:15.267 +05:30 [INF] Executing endpoint 'RegisterController.Register (LoginApp)'
2024-12-10 10:37:15.275 +05:30 [INF] Route matched with {action = "Register", controller = "Register"}. Executing controller action with signature System.Threading.Tasks.Task`1[Microsoft.AspNetCore.Mvc.IActionResult] Register(RegisterViewModel) on controller RegisterController (LoginApp).
2024-12-10 10:37:15.367 +05:30 [INF] Executed DbCommand (3ms) [Parameters=[@p0='?' (Size = 4000), @p1='?' (Size = 4000)], CommandType='"Text"', CommandTimeout='30']
SET IMPLICIT_TRANSACTIONS OFF;
SET NOCOUNT ON;
INSERT INTO [Users] ([PasswordHash], [Username])
OUTPUT INSERTED.[Id]
VALUES (@p0, @p1);
2024-12-10 10:37:15.369 +05:30 [INF] User Siva added to the database.
2024-12-10 10:37:15.370 +05:30 [INF] User Siva registered successfully.
2024-12-10 10:37:15.372 +05:30 [INF] Executing RedirectResult, redirecting to /NextPage/NextPage.
2024-12-10 10:37:15.373 +05:30 [INF] Executed action RegisterController.Register (LoginApp) in 96.9449ms
2024-12-10 10:37:15.373 +05:30 [INF] Executed endpoint 'RegisterController.Register (LoginApp)'
2024-12-10 10:37:15.373 +05:30 [INF] Request finished HTTP/1.1 POST http://localhost:5019/Register/Register - 302 0 null 106.4748ms
2024-12-10 10:37:15.378 +05:30 [INF] Request starting HTTP/1.1 GET http://localhost:5019/NextPage/NextPage - null null
2024-12-10 10:37:15.379 +05:30 [INF] Executing endpoint 'NextPageController.NextPage (LoginApp)'
2024-12-10 10:37:15.380 +05:30 [INF] Route matched with {action = "NextPage", controller = "NextPage"}. Executing controller action with signature Microsoft.AspNetCore.Mvc.IActionResult NextPage() on controller NextPageController (LoginApp).
2024-12-10 10:37:15.382 +05:30 [INF] Executing ViewResult, running view /Views/Home/NextPage.cshtml.
2024-12-10 10:37:15.401 +05:30 [INF] Executed ViewResult - view /Views/Home/NextPage.cshtml executed in 20.6915ms.
2024-12-10 10:37:15.401 +05:30 [INF] Executed action NextPageController.NextPage (LoginApp) in 21.2566ms
2024-12-10 10:37:15.402 +05:30 [INF] Executed endpoint 'NextPageController.NextPage (LoginApp)'
2024-12-10 10:37:15.402 +05:30 [INF] Request finished HTTP/1.1 GET http://localhost:5019/NextPage/NextPage - 200 null text/html; charset=utf-8 23.432ms
2024-12-10 10:37:15.442 +05:30 [INF] Request starting HTTP/1.1 GET http://localhost:5019/_framework/aspnetcore-browser-refresh.js - null null
2024-12-10 10:37:15.442 +05:30 [INF] Request finished HTTP/1.1 GET http://localhost:5019/_framework/aspnetcore-browser-refresh.js - 200 13732 application/javascript; charset=utf-8 0.2316ms
2024-12-10 10:37:41.816 +05:30 [INF] Request starting HTTP/1.1 GET http://localhost:5019/register/register - null null
2024-12-10 10:37:41.817 +05:30 [INF] Executing endpoint 'RegisterController.Register (LoginApp)'
2024-12-10 10:37:41.817 +05:30 [INF] Route matched with {action = "Register", controller = "Register"}. Executing controller action with signature Microsoft.AspNetCore.Mvc.IActionResult Register() on controller RegisterController (LoginApp).
2024-12-10 10:37:41.818 +05:30 [INF] Executing ViewResult, running view /Views/Home/Register.cshtml.
2024-12-10 10:37:41.819 +05:30 [INF] Executed ViewResult - view /Views/Home/Register.cshtml executed in 1.495ms.
2024-12-10 10:37:41.819 +05:30 [INF] Executed action RegisterController.Register (LoginApp) in 2.0299ms
2024-12-10 10:37:41.819 +05:30 [INF] Executed endpoint 'RegisterController.Register (LoginApp)'
2024-12-10 10:37:41.819 +05:30 [INF] Request finished HTTP/1.1 GET http://localhost:5019/register/register - 200 null text/html; charset=utf-8 3.2838ms
2024-12-10 10:37:41.869 +05:30 [INF] Request starting HTTP/1.1 GET http://localhost:5019/_framework/aspnetcore-browser-refresh.js - null null
2024-12-10 10:37:41.869 +05:30 [INF] Request finished HTTP/1.1 GET http://localhost:5019/_framework/aspnetcore-browser-refresh.js - 200 13732 application/javascript; charset=utf-8 0.2637ms
2024-12-10 10:37:54.314 +05:30 [INF] Request starting HTTP/1.1 POST http://localhost:5019/Register/Register - application/x-www-form-urlencoded 212
2024-12-10 10:37:54.314 +05:30 [INF] Executing endpoint 'RegisterController.Register (LoginApp)'
2024-12-10 10:37:54.314 +05:30 [INF] Route matched with {action = "Register", controller = "Register"}. Executing controller action with signature System.Threading.Tasks.Task`1[Microsoft.AspNetCore.Mvc.IActionResult] Register(RegisterViewModel) on controller RegisterController (LoginApp).
2024-12-10 10:37:54.335 +05:30 [INF] Executed DbCommand (3ms) [Parameters=[@p0='?' (Size = 4000), @p1='?' (Size = 4000)], CommandType='"Text"', CommandTimeout='30']
SET IMPLICIT_TRANSACTIONS OFF;
SET NOCOUNT ON;
INSERT INTO [Users] ([PasswordHash], [Username])
OUTPUT INSERTED.[Id]
VALUES (@p0, @p1);
2024-12-10 10:37:54.336 +05:30 [INF] User Surya added to the database.
2024-12-10 10:37:54.336 +05:30 [INF] User Surya registered successfully.
2024-12-10 10:37:54.336 +05:30 [INF] Executing RedirectResult, redirecting to /NextPage/NextPage.
2024-12-10 10:37:54.336 +05:30 [INF] Executed action RegisterController.Register (LoginApp) in 22.1364ms
2024-12-10 10:37:54.336 +05:30 [INF] Executed endpoint 'RegisterController.Register (LoginApp)'
2024-12-10 10:37:54.337 +05:30 [INF] Request finished HTTP/1.1 POST http://localhost:5019/Register/Register - 302 0 null 23.1233ms
2024-12-10 10:37:54.350 +05:30 [INF] Request starting HTTP/1.1 GET http://localhost:5019/NextPage/NextPage - null null
2024-12-10 10:37:54.350 +05:30 [INF] Executing endpoint 'NextPageController.NextPage (LoginApp)'
2024-12-10 10:37:54.350 +05:30 [INF] Route matched with {action = "NextPage", controller = "NextPage"}. Executing controller action with signature Microsoft.AspNetCore.Mvc.IActionResult NextPage() on controller NextPageController (LoginApp).
2024-12-10 10:37:54.350 +05:30 [INF] Executing ViewResult, running view /Views/Home/NextPage.cshtml.
2024-12-10 10:37:54.351 +05:30 [INF] Executed ViewResult - view /Views/Home/NextPage.cshtml executed in 0.6315ms.
2024-12-10 10:37:54.351 +05:30 [INF] Executed action NextPageController.NextPage (LoginApp) in 0.7361ms
2024-12-10 10:37:54.351 +05:30 [INF] Executed endpoint 'NextPageController.NextPage (LoginApp)'
2024-12-10 10:37:54.351 +05:30 [INF] Request finished HTTP/1.1 GET http://localhost:5019/NextPage/NextPage - 200 null text/html; charset=utf-8 1.1106ms
2024-12-10 10:37:54.400 +05:30 [INF] Request starting HTTP/1.1 GET http://localhost:5019/_framework/aspnetcore-browser-refresh.js - null null
2024-12-10 10:37:54.401 +05:30 [INF] Request finished HTTP/1.1 GET http://localhost:5019/_framework/aspnetcore-browser-refresh.js - 200 13732 application/javascript; charset=utf-8 0.1892ms
2024-12-10 10:47:24.046 +05:30 [INF] Request starting HTTP/1.1 GET http://localhost:5019/Ingredients/Ingredients - null null
2024-12-10 10:47:24.047 +05:30 [INF] Executing endpoint 'IngredientsController.Ingredients (LoginApp)'
2024-12-10 10:47:24.050 +05:30 [INF] Route matched with {action = "Ingredients", controller = "Ingredients"}. Executing controller action with signature Microsoft.AspNetCore.Mvc.IActionResult Ingredients() on controller IngredientsController (LoginApp).
2024-12-10 10:47:24.220 +05:30 [INF] Executed DbCommand (2ms) [Parameters=[], CommandType='"Text"', CommandTimeout='30']
SELECT [i].[Id], [i].[Classification], [i].[Name], [i].[Source]
FROM [Ingredients] AS [i]
2024-12-10 10:47:24.232 +05:30 [INF] Executing ViewResult, running view /Views/Home/Ingredients.cshtml.
2024-12-10 10:47:24.265 +05:30 [INF] Executed ViewResult - view /Views/Home/Ingredients.cshtml executed in 32.9867ms.
2024-12-10 10:47:24.265 +05:30 [INF] Executed action IngredientsController.Ingredients (LoginApp) in 215.1595ms
2024-12-10 10:47:24.265 +05:30 [INF] Executed endpoint 'IngredientsController.Ingredients (LoginApp)'
2024-12-10 10:47:24.266 +05:30 [INF] Request finished HTTP/1.1 GET http://localhost:5019/Ingredients/Ingredients - 200 null text/html; charset=utf-8 219.6976ms
2024-12-10 10:47:24.299 +05:30 [INF] Request starting HTTP/1.1 GET http://localhost:5019/_framework/aspnetcore-browser-refresh.js - null null
2024-12-10 10:47:24.299 +05:30 [INF] Request finished HTTP/1.1 GET http://localhost:5019/_framework/aspnetcore-browser-refresh.js - 200 13732 application/javascript; charset=utf-8 0.2777ms
2024-12-10 10:47:26.450 +05:30 [INF] Request starting HTTP/1.1 GET http://localhost:5019/Ingredients/UpdateIngredient/1 - null null
2024-12-10 10:47:26.451 +05:30 [INF] Executing endpoint 'IngredientsController.UpdateIngredient (LoginApp)'
2024-12-10 10:47:26.452 +05:30 [INF] Route matched with {action = "UpdateIngredient", controller = "Ingredients"}. Executing controller action with signature Microsoft.AspNetCore.Mvc.IActionResult UpdateIngredient(Int32) on controller IngredientsController (LoginApp).
2024-12-10 10:47:26.520 +05:30 [INF] Executed DbCommand (2ms) [Parameters=[@__id_0='?' (DbType = Int32)], CommandType='"Text"', CommandTimeout='30']
SELECT TOP(1) [i].[Id], [i].[Classification], [i].[Name], [i].[Source]
FROM [Ingredients] AS [i]
WHERE [i].[Id] = @__id_0
2024-12-10 10:47:26.521 +05:30 [INF] Executing ViewResult, running view /Views/Home/UpdateIngredient.cshtml.
2024-12-10 10:47:26.546 +05:30 [INF] Executed ViewResult - view /Views/Home/UpdateIngredient.cshtml executed in 25.2965ms.
2024-12-10 10:47:26.546 +05:30 [INF] Executed action IngredientsController.UpdateIngredient (LoginApp) in 93.8039ms
2024-12-10 10:47:26.546 +05:30 [INF] Executed endpoint 'IngredientsController.UpdateIngredient (LoginApp)'
2024-12-10 10:47:26.546 +05:30 [INF] Request finished HTTP/1.1 GET http://localhost:5019/Ingredients/UpdateIngredient/1 - 200 null text/html; charset=utf-8 96.526ms
2024-12-10 10:47:26.584 +05:30 [INF] Request starting HTTP/1.1 GET http://localhost:5019/_framework/aspnetcore-browser-refresh.js - null null
2024-12-10 10:47:26.585 +05:30 [INF] Request finished HTTP/1.1 GET http://localhost:5019/_framework/aspnetcore-browser-refresh.js - 200 13732 application/javascript; charset=utf-8 0.16ms
2024-12-10 10:47:27.934 +05:30 [INF] Request starting HTTP/1.1 GET http://localhost:5019/Attachments/Attachment - null null
2024-12-10 10:47:27.934 +05:30 [INF] Executing endpoint 'LoginApp.Controllers.AttachmentsController.Attachment (LoginApp)'
2024-12-10 10:47:27.938 +05:30 [INF] Route matched with {action = "Attachment", controller = "Attachments"}. Executing controller action with signature Microsoft.AspNetCore.Mvc.IActionResult Attachment() on controller LoginApp.Controllers.AttachmentsController (LoginApp).
2024-12-10 10:47:27.940 +05:30 [INF] Executing ViewResult, running view ~/Views/Home/Attachment.cshtml.
2024-12-10 10:47:27.944 +05:30 [INF] Executed ViewResult - view ~/Views/Home/Attachment.cshtml executed in 4.6684ms.
2024-12-10 10:47:27.944 +05:30 [INF] Executed action LoginApp.Controllers.AttachmentsController.Attachment (LoginApp) in 5.6135ms
2024-12-10 10:47:27.944 +05:30 [INF] Executed endpoint 'LoginApp.Controllers.AttachmentsController.Attachment (LoginApp)'
2024-12-10 10:47:27.944 +05:30 [INF] Request finished HTTP/1.1 GET http://localhost:5019/Attachments/Attachment - 200 null text/html; charset=utf-8 10.0307ms
2024-12-10 10:47:27.981 +05:30 [INF] Request starting HTTP/1.1 GET http://localhost:5019/_framework/aspnetcore-browser-refresh.js - null null
2024-12-10 10:47:27.981 +05:30 [INF] Request finished HTTP/1.1 GET http://localhost:5019/_framework/aspnetcore-browser-refresh.js - 200 13732 application/javascript; charset=utf-8 0.3567ms
2024-12-10 10:47:41.833 +05:30 [INF] Request starting HTTP/1.1 POST http://localhost:5019/Attachments/UploadImage - multipart/form-data; boundary=----WebKitFormBoundaryfewQoVjQlwZVmeME 9392
2024-12-10 10:47:41.835 +05:30 [INF] Executing endpoint 'LoginApp.Controllers.AttachmentsController.UploadImage (LoginApp)'
2024-12-10 10:47:41.839 +05:30 [INF] Route matched with {action = "UploadImage", controller = "Attachments"}. Executing controller action with signature System.Threading.Tasks.Task`1[Microsoft.AspNetCore.Mvc.IActionResult] UploadImage(LoginApp.ViewModels.AttachmentViewModel) on controller LoginApp.Controllers.AttachmentsController (LoginApp).
2024-12-10 10:47:41.855 +05:30 [INF] Executed DbCommand (3ms) [Parameters=[@p0='?' (Size = 4000)], CommandType='"Text"', CommandTimeout='30']
SET IMPLICIT_TRANSACTIONS OFF;
SET NOCOUNT ON;
INSERT INTO [Attachments] ([ImagePath])
OUTPUT INSERTED.[Id]
VALUES (@p0);
2024-12-10 10:47:41.856 +05:30 [INF] Executing ViewResult, running view ~/Views/Home/Attachment.cshtml.
2024-12-10 10:47:41.857 +05:30 [INF] Executed ViewResult - view ~/Views/Home/Attachment.cshtml executed in 1.0463ms.
2024-12-10 10:47:41.857 +05:30 [INF] Executed action LoginApp.Controllers.AttachmentsController.UploadImage (LoginApp) in 17.6766ms
2024-12-10 10:47:41.857 +05:30 [INF] Executed endpoint 'LoginApp.Controllers.AttachmentsController.UploadImage (LoginApp)'
2024-12-10 10:47:41.857 +05:30 [INF] Request finished HTTP/1.1 POST http://localhost:5019/Attachments/UploadImage - 200 null text/html; charset=utf-8 24.3377ms
2024-12-10 10:47:41.898 +05:30 [INF] Request starting HTTP/1.1 GET http://localhost:5019/uploads/product-jpeg-500x500.webp - null null
2024-12-10 10:47:41.904 +05:30 [INF] Request starting HTTP/1.1 GET http://localhost:5019/_framework/aspnetcore-browser-refresh.js - null null
2024-12-10 10:47:41.904 +05:30 [INF] Request finished HTTP/1.1 GET http://localhost:5019/_framework/aspnetcore-browser-refresh.js - 200 13732 application/javascript; charset=utf-8 0.188ms
2024-12-10 10:47:41.909 +05:30 [INF] Sending file. Request path: '/uploads/product-jpeg-500x500.webp'. Physical path: 'C:\Users\praveen.janarthanam\Desktop\MVC\LoginApp\wwwroot\uploads\product-jpeg-500x500.webp'
2024-12-10 10:47:41.909 +05:30 [INF] Request finished HTTP/1.1 GET http://localhost:5019/uploads/product-jpeg-500x500.webp - 200 8920 image/webp 11.5693ms
2024-12-10 10:50:47.238 +05:30 [INF] Application is shutting down...
