2024-11-29 10:35:37.410 +05:30 [INF] User profile is available. Using 'C:\Users\praveen.janarthanam\AppData\Local\ASP.NET\DataProtection-Keys' as key repository and Windows DPAPI to encrypt keys at rest.
2024-11-29 10:35:37.522 +05:30 [INF] Now listening on: http://localhost:5019
2024-11-29 10:35:37.524 +05:30 [INF] Application started. Press Ctrl+C to shut down.
2024-11-29 10:35:37.524 +05:30 [INF] Hosting environment: Development
2024-11-29 10:35:37.524 +05:30 [INF] Content root path: C:\Users\praveen.janarthanam\Desktop\MVC\LoginApp
2024-11-29 10:35:38.608 +05:30 [INF] Request starting HTTP/1.1 GET http://localhost:5019/ - null null
2024-11-29 10:35:38.649 +05:30 [WRN] Failed to determine the https port for redirect.
2024-11-29 10:35:38.692 +05:30 [INF] Request finished HTTP/1.1 GET http://localhost:5019/ - 404 0 null 87.9297ms
2024-11-29 10:35:38.703 +05:30 [INF] Request reached the end of the middleware pipeline without being handled by application code. Request path: GET http://localhost:5019/, Response status code: 404
2024-11-29 10:35:43.946 +05:30 [INF] Request starting HTTP/1.1 GET http://localhost:5019/register/register - null null
2024-11-29 10:35:43.949 +05:30 [INF] Executing endpoint 'RegisterController.Register (LoginApp)'
2024-11-29 10:35:43.976 +05:30 [INF] Route matched with {action = "Register", controller = "Register"}. Executing controller action with signature Microsoft.AspNetCore.Mvc.IActionResult Register() on controller RegisterController (LoginApp).
2024-11-29 10:35:44.124 +05:30 [INF] Executing ViewResult, running view /Views/Home/Register.cshtml.
2024-11-29 10:35:44.233 +05:30 [INF] Executed ViewResult - view /Views/Home/Register.cshtml executed in 110.5574ms.
2024-11-29 10:35:44.233 +05:30 [INF] Executed action RegisterController.Register (LoginApp) in 256.4898ms
2024-11-29 10:35:44.233 +05:30 [INF] Executed endpoint 'RegisterController.Register (LoginApp)'
2024-11-29 10:35:44.236 +05:30 [INF] Request finished HTTP/1.1 GET http://localhost:5019/register/register - 200 null text/html; charset=utf-8 290.1576ms
2024-11-29 10:35:44.256 +05:30 [INF] Request starting HTTP/1.1 GET http://localhost:5019/_framework/aspnetcore-browser-refresh.js - null null
2024-11-29 10:35:44.257 +05:30 [INF] Request finished HTTP/1.1 GET http://localhost:5019/_framework/aspnetcore-browser-refresh.js - 200 13732 application/javascript; charset=utf-8 1.3734ms
2024-11-29 10:35:52.215 +05:30 [INF] Request starting HTTP/1.1 POST http://localhost:5019/Register/Register - application/x-www-form-urlencoded 210
2024-11-29 10:35:52.218 +05:30 [INF] Executing endpoint 'RegisterController.Register (LoginApp)'
2024-11-29 10:35:52.226 +05:30 [INF] Route matched with {action = "Register", controller = "Register"}. Executing controller action with signature System.Threading.Tasks.Task`1[Microsoft.AspNetCore.Mvc.IActionResult] Register(RegisterViewModel) on controller RegisterController (LoginApp).
2024-11-29 10:35:52.975 +05:30 [INF] Executed DbCommand (45ms) [Parameters=[@p0='?' (Size = 4000), @p1='?' (Size = 4000)], CommandType='"Text"', CommandTimeout='30']
SET IMPLICIT_TRANSACTIONS OFF;
SET NOCOUNT ON;
INSERT INTO [Users] ([PasswordHash], [Username])
OUTPUT INSERTED.[Id]
VALUES (@p0, @p1);
2024-11-29 10:35:53.004 +05:30 [INF] User Ram added to the database.
2024-11-29 10:35:53.005 +05:30 [INF] User Ram registered successfully.
2024-11-29 10:35:53.009 +05:30 [INF] Executing RedirectResult, redirecting to /NextPage/NextPage.
2024-11-29 10:35:53.010 +05:30 [INF] Executed action RegisterController.Register (LoginApp) in 784.2154ms
2024-11-29 10:35:53.011 +05:30 [INF] Executed endpoint 'RegisterController.Register (LoginApp)'
2024-11-29 10:35:53.015 +05:30 [INF] Request finished HTTP/1.1 POST http://localhost:5019/Register/Register - 302 0 null 799.733ms
2024-11-29 10:35:53.015 +05:30 [INF] Request starting HTTP/1.1 GET http://localhost:5019/NextPage/NextPage - null null
2024-11-29 10:35:53.016 +05:30 [INF] Executing endpoint 'NextPageController.NextPage (LoginApp)'
2024-11-29 10:35:53.017 +05:30 [INF] Route matched with {action = "NextPage", controller = "NextPage"}. Executing controller action with signature Microsoft.AspNetCore.Mvc.IActionResult NextPage() on controller NextPageController (LoginApp).
2024-11-29 10:35:53.018 +05:30 [INF] Executing ViewResult, running view /Views/Home/NextPage.cshtml.
2024-11-29 10:35:53.030 +05:30 [INF] Executed ViewResult - view /Views/Home/NextPage.cshtml executed in 13.0818ms.
2024-11-29 10:35:53.031 +05:30 [INF] Executed action NextPageController.NextPage (LoginApp) in 13.5724ms
2024-11-29 10:35:53.031 +05:30 [INF] Executed endpoint 'NextPageController.NextPage (LoginApp)'
2024-11-29 10:35:53.031 +05:30 [INF] Request finished HTTP/1.1 GET http://localhost:5019/NextPage/NextPage - 200 null text/html; charset=utf-8 15.5564ms
2024-11-29 10:35:53.059 +05:30 [INF] Request starting HTTP/1.1 GET http://localhost:5019/_framework/aspnetcore-browser-refresh.js - null null
2024-11-29 10:35:53.060 +05:30 [INF] Request finished HTTP/1.1 GET http://localhost:5019/_framework/aspnetcore-browser-refresh.js - 200 13732 application/javascript; charset=utf-8 0.3799ms
2024-11-29 10:36:00.310 +05:30 [INF] Request starting HTTP/1.1 GET http://localhost:5019/Ingredients/Ingredients - null null
2024-11-29 10:36:00.311 +05:30 [INF] Executing endpoint 'IngredientsController.Ingredients (LoginApp)'
2024-11-29 10:36:00.312 +05:30 [INF] Route matched with {action = "Ingredients", controller = "Ingredients"}. Executing controller action with signature Microsoft.AspNetCore.Mvc.IActionResult Ingredients() on controller IngredientsController (LoginApp).
2024-11-29 10:36:00.470 +05:30 [INF] Executed DbCommand (3ms) [Parameters=[], CommandType='"Text"', CommandTimeout='30']
SELECT [i].[Id], [i].[Classification], [i].[Name], [i].[Source]
FROM [Ingredients] AS [i]
2024-11-29 10:36:00.479 +05:30 [INF] Executing ViewResult, running view /Views/Home/Ingredients.cshtml.
2024-11-29 10:36:00.501 +05:30 [INF] Executed ViewResult - view /Views/Home/Ingredients.cshtml executed in 21.8646ms.
2024-11-29 10:36:00.501 +05:30 [INF] Executed action IngredientsController.Ingredients (LoginApp) in 189.5793ms
2024-11-29 10:36:00.501 +05:30 [INF] Executed endpoint 'IngredientsController.Ingredients (LoginApp)'
2024-11-29 10:36:00.502 +05:30 [INF] Request finished HTTP/1.1 GET http://localhost:5019/Ingredients/Ingredients - 200 null text/html; charset=utf-8 191.3489ms
2024-11-29 10:36:00.523 +05:30 [INF] Request starting HTTP/1.1 GET http://localhost:5019/_framework/aspnetcore-browser-refresh.js - null null
2024-11-29 10:36:00.523 +05:30 [INF] Request finished HTTP/1.1 GET http://localhost:5019/_framework/aspnetcore-browser-refresh.js - 200 13732 application/javascript; charset=utf-8 0.3301ms
2024-11-29 10:36:11.854 +05:30 [INF] Request starting HTTP/1.1 POST http://localhost:5019/Ingredients/AddIngredient - application/x-www-form-urlencoded 245
2024-11-29 10:36:11.855 +05:30 [INF] Executing endpoint 'IngredientsController.AddIngredient (LoginApp)'
2024-11-29 10:36:11.857 +05:30 [INF] Route matched with {action = "AddIngredient", controller = "Ingredients"}. Executing controller action with signature Microsoft.AspNetCore.Mvc.IActionResult AddIngredient(LoginApp.ViewModels.IngredientViewModel) on controller IngredientsController (LoginApp).
2024-11-29 10:36:11.876 +05:30 [INF] Executed DbCommand (2ms) [Parameters=[@p0='?' (Size = 4000), @p1='?' (Size = 4000), @p2='?' (Size = 4000)], CommandType='"Text"', CommandTimeout='30']
SET IMPLICIT_TRANSACTIONS OFF;
SET NOCOUNT ON;
INSERT INTO [Ingredients] ([Classification], [Name], [Source])
OUTPUT INSERTED.[Id]
VALUES (@p0, @p1, @p2);
2024-11-29 10:36:11.880 +05:30 [INF] Executing RedirectResult, redirecting to /Ingredients/Ingredients.
2024-11-29 10:36:11.881 +05:30 [INF] Executed action IngredientsController.AddIngredient (LoginApp) in 23.292ms
2024-11-29 10:36:11.881 +05:30 [INF] Executed endpoint 'IngredientsController.AddIngredient (LoginApp)'
2024-11-29 10:36:11.881 +05:30 [INF] Request finished HTTP/1.1 POST http://localhost:5019/Ingredients/AddIngredient - 302 0 null 27.1311ms
2024-11-29 10:36:11.885 +05:30 [INF] Request starting HTTP/1.1 GET http://localhost:5019/Ingredients/Ingredients - null null
2024-11-29 10:36:11.885 +05:30 [INF] Executing endpoint 'IngredientsController.Ingredients (LoginApp)'
2024-11-29 10:36:11.886 +05:30 [INF] Route matched with {action = "Ingredients", controller = "Ingredients"}. Executing controller action with signature Microsoft.AspNetCore.Mvc.IActionResult Ingredients() on controller IngredientsController (LoginApp).
2024-11-29 10:36:11.889 +05:30 [INF] Executed DbCommand (1ms) [Parameters=[], CommandType='"Text"', CommandTimeout='30']
SELECT [i].[Id], [i].[Classification], [i].[Name], [i].[Source]
FROM [Ingredients] AS [i]
2024-11-29 10:36:11.890 +05:30 [INF] Executing ViewResult, running view /Views/Home/Ingredients.cshtml.
2024-11-29 10:36:11.897 +05:30 [INF] Executed ViewResult - view /Views/Home/Ingredients.cshtml executed in 7.2813ms.
2024-11-29 10:36:11.898 +05:30 [INF] Executed action IngredientsController.Ingredients (LoginApp) in 11.5899ms
2024-11-29 10:36:11.898 +05:30 [INF] Executed endpoint 'IngredientsController.Ingredients (LoginApp)'
2024-11-29 10:36:11.898 +05:30 [INF] Request finished HTTP/1.1 GET http://localhost:5019/Ingredients/Ingredients - 200 null text/html; charset=utf-8 13.2257ms
2024-11-29 10:36:11.924 +05:30 [INF] Request starting HTTP/1.1 GET http://localhost:5019/_framework/aspnetcore-browser-refresh.js - null null
2024-11-29 10:36:11.924 +05:30 [INF] Request finished HTTP/1.1 GET http://localhost:5019/_framework/aspnetcore-browser-refresh.js - 200 13732 application/javascript; charset=utf-8 0.2989ms
2024-11-29 10:36:14.263 +05:30 [INF] Request starting HTTP/1.1 GET http://localhost:5019/Ingredients/UpdateIngredient/6 - null null
2024-11-29 10:36:14.263 +05:30 [INF] Executing endpoint 'IngredientsController.UpdateIngredient (LoginApp)'
2024-11-29 10:36:14.265 +05:30 [INF] Route matched with {action = "UpdateIngredient", controller = "Ingredients"}. Executing controller action with signature Microsoft.AspNetCore.Mvc.IActionResult UpdateIngredient(Int32) on controller IngredientsController (LoginApp).
2024-11-29 10:36:14.320 +05:30 [INF] Executed DbCommand (1ms) [Parameters=[@__id_0='?' (DbType = Int32)], CommandType='"Text"', CommandTimeout='30']
SELECT TOP(1) [i].[Id], [i].[Classification], [i].[Name], [i].[Source]
FROM [Ingredients] AS [i]
WHERE [i].[Id] = @__id_0
2024-11-29 10:36:14.321 +05:30 [INF] Executing ViewResult, running view /Views/Home/UpdateIngredient.cshtml.
2024-11-29 10:36:14.409 +05:30 [INF] Executed ViewResult - view /Views/Home/UpdateIngredient.cshtml executed in 89.1986ms.
2024-11-29 10:36:14.409 +05:30 [INF] Executed action IngredientsController.UpdateIngredient (LoginApp) in 144.8899ms
2024-11-29 10:36:14.410 +05:30 [INF] Executed endpoint 'IngredientsController.UpdateIngredient (LoginApp)'
2024-11-29 10:36:14.410 +05:30 [INF] Request finished HTTP/1.1 GET http://localhost:5019/Ingredients/UpdateIngredient/6 - 200 null text/html; charset=utf-8 146.6951ms
2024-11-29 10:36:14.434 +05:30 [INF] Request starting HTTP/1.1 GET http://localhost:5019/_framework/aspnetcore-browser-refresh.js - null null
2024-11-29 10:36:14.434 +05:30 [INF] Request finished HTTP/1.1 GET http://localhost:5019/_framework/aspnetcore-browser-refresh.js - 200 13732 application/javascript; charset=utf-8 0.1397ms
2024-11-29 10:36:15.878 +05:30 [INF] Request starting HTTP/1.1 GET http://localhost:5019/Create/Create - null null
2024-11-29 10:36:15.878 +05:30 [INF] Executing endpoint 'CreateController.Create (LoginApp)'
2024-11-29 10:36:15.879 +05:30 [INF] Route matched with {action = "Create", controller = "Create"}. Executing controller action with signature Microsoft.AspNetCore.Mvc.IActionResult Create() on controller CreateController (LoginApp).
2024-11-29 10:36:15.880 +05:30 [INF] Executing ViewResult, running view /Views/Home/Create.cshtml.
2024-11-29 10:36:15.917 +05:30 [INF] Executed ViewResult - view /Views/Home/Create.cshtml executed in 37.4112ms.
2024-11-29 10:36:15.917 +05:30 [INF] Executed action CreateController.Create (LoginApp) in 38.018ms
2024-11-29 10:36:15.917 +05:30 [INF] Executed endpoint 'CreateController.Create (LoginApp)'
2024-11-29 10:36:15.918 +05:30 [INF] Request finished HTTP/1.1 GET http://localhost:5019/Create/Create - 200 null text/html; charset=utf-8 39.8228ms
2024-11-29 10:36:15.945 +05:30 [INF] Request starting HTTP/1.1 GET http://localhost:5019/_framework/aspnetcore-browser-refresh.js - null null
2024-11-29 10:36:15.946 +05:30 [INF] Request finished HTTP/1.1 GET http://localhost:5019/_framework/aspnetcore-browser-refresh.js - 200 13732 application/javascript; charset=utf-8 0.1786ms
2024-11-29 10:36:18.088 +05:30 [INF] Request starting HTTP/1.1 GET http://localhost:5019/Ingredients/UpdateIngredient/6 - null null
2024-11-29 10:36:18.088 +05:30 [INF] Executing endpoint 'IngredientsController.UpdateIngredient (LoginApp)'
2024-11-29 10:36:18.088 +05:30 [INF] Route matched with {action = "UpdateIngredient", controller = "Ingredients"}. Executing controller action with signature Microsoft.AspNetCore.Mvc.IActionResult UpdateIngredient(Int32) on controller IngredientsController (LoginApp).
2024-11-29 10:36:18.091 +05:30 [INF] Executed DbCommand (0ms) [Parameters=[@__id_0='?' (DbType = Int32)], CommandType='"Text"', CommandTimeout='30']
SELECT TOP(1) [i].[Id], [i].[Classification], [i].[Name], [i].[Source]
FROM [Ingredients] AS [i]
WHERE [i].[Id] = @__id_0
2024-11-29 10:36:18.091 +05:30 [INF] Executing ViewResult, running view /Views/Home/UpdateIngredient.cshtml.
2024-11-29 10:36:18.093 +05:30 [INF] Executed ViewResult - view /Views/Home/UpdateIngredient.cshtml executed in 1.7055ms.
2024-11-29 10:36:18.093 +05:30 [INF] Executed action IngredientsController.UpdateIngredient (LoginApp) in 5.1345ms
2024-11-29 10:36:18.093 +05:30 [INF] Executed endpoint 'IngredientsController.UpdateIngredient (LoginApp)'
2024-11-29 10:36:18.093 +05:30 [INF] Request finished HTTP/1.1 GET http://localhost:5019/Ingredients/UpdateIngredient/6 - 200 null text/html; charset=utf-8 5.633ms
2024-11-29 10:36:18.118 +05:30 [INF] Request starting HTTP/1.1 GET http://localhost:5019/_framework/aspnetcore-browser-refresh.js - null null
2024-11-29 10:36:18.118 +05:30 [INF] Request finished HTTP/1.1 GET http://localhost:5019/_framework/aspnetcore-browser-refresh.js - 200 13732 application/javascript; charset=utf-8 0.1477ms
2024-11-29 10:36:19.439 +05:30 [INF] Request starting HTTP/1.1 GET http://localhost:5019/Measurements/Measurement - null null
2024-11-29 10:36:19.439 +05:30 [INF] Executing endpoint 'LoginApp.Controllers.MeasurementsController.Measurement (LoginApp)'
2024-11-29 10:36:19.440 +05:30 [INF] Route matched with {action = "Measurement", controller = "Measurements"}. Executing controller action with signature Microsoft.AspNetCore.Mvc.IActionResult Measurement() on controller LoginApp.Controllers.MeasurementsController (LoginApp).
2024-11-29 10:36:19.454 +05:30 [INF] Executed DbCommand (8ms) [Parameters=[], CommandType='"Text"', CommandTimeout='30']
SELECT [m].[Id], [m].[MeasurementName], [m].[OG_L], [m].[Source], [m].[Weight]
FROM [Measurements] AS [m]
2024-11-29 10:36:19.465 +05:30 [INF] Executing ViewResult, running view ~/Views/Home/Measurement.cshtml.
2024-11-29 10:36:19.471 +05:30 [INF] Executed ViewResult - view ~/Views/Home/Measurement.cshtml executed in 6.6274ms.
2024-11-29 10:36:19.471 +05:30 [INF] Executed action LoginApp.Controllers.MeasurementsController.Measurement (LoginApp) in 30.3405ms
2024-11-29 10:36:19.471 +05:30 [INF] Executed endpoint 'LoginApp.Controllers.MeasurementsController.Measurement (LoginApp)'
2024-11-29 10:36:19.471 +05:30 [INF] Request finished HTTP/1.1 GET http://localhost:5019/Measurements/Measurement - 200 null text/html; charset=utf-8 32.0763ms
2024-11-29 10:36:19.501 +05:30 [INF] Request starting HTTP/1.1 GET http://localhost:5019/_framework/aspnetcore-browser-refresh.js - null null
2024-11-29 10:36:19.501 +05:30 [INF] Request finished HTTP/1.1 GET http://localhost:5019/_framework/aspnetcore-browser-refresh.js - 200 13732 application/javascript; charset=utf-8 0.2363ms
2024-11-29 10:36:31.478 +05:30 [INF] Request starting HTTP/1.1 GET http://localhost:5019/Ingredients/Ingredients - null null
2024-11-29 10:36:31.479 +05:30 [INF] Executing endpoint 'IngredientsController.Ingredients (LoginApp)'
2024-11-29 10:36:31.479 +05:30 [INF] Route matched with {action = "Ingredients", controller = "Ingredients"}. Executing controller action with signature Microsoft.AspNetCore.Mvc.IActionResult Ingredients() on controller IngredientsController (LoginApp).
2024-11-29 10:36:31.480 +05:30 [INF] Executed DbCommand (0ms) [Parameters=[], CommandType='"Text"', CommandTimeout='30']
SELECT [i].[Id], [i].[Classification], [i].[Name], [i].[Source]
FROM [Ingredients] AS [i]
2024-11-29 10:36:31.480 +05:30 [INF] Executing ViewResult, running view /Views/Home/Ingredients.cshtml.
2024-11-29 10:36:31.482 +05:30 [INF] Executed ViewResult - view /Views/Home/Ingredients.cshtml executed in 2.1771ms.
2024-11-29 10:36:31.483 +05:30 [INF] Executed action IngredientsController.Ingredients (LoginApp) in 3.8506ms
2024-11-29 10:36:31.483 +05:30 [INF] Executed endpoint 'IngredientsController.Ingredients (LoginApp)'
2024-11-29 10:36:31.483 +05:30 [INF] Request finished HTTP/1.1 GET http://localhost:5019/Ingredients/Ingredients - 200 null text/html; charset=utf-8 4.8375ms
2024-11-29 10:36:31.504 +05:30 [INF] Request starting HTTP/1.1 GET http://localhost:5019/_framework/aspnetcore-browser-refresh.js - null null
2024-11-29 10:36:31.504 +05:30 [INF] Request finished HTTP/1.1 GET http://localhost:5019/_framework/aspnetcore-browser-refresh.js - 200 13732 application/javascript; charset=utf-8 0.2575ms
2024-11-29 11:40:30.901 +05:30 [INF] Application is shutting down...
